<?xml version="1.0" encoding="UTF-8"?>
<!-- Generated by org.testng.reporters.JUnitReportReporter -->
<testsuite hostname="DESKTOP-0SQUO0H" failures="0" tests="1" name="test.NewCustomerTest" time="17.341" errors="0" timestamp="2024-04-07T20:38:07 CDT" skipped="0">
  <testcase classname="test.NewCustomerTest" name="userShouldBeAbleToAddNewCustomer" time="17.341"/>
</testsuite> <!-- test.NewCustomerTest -->
