<?xml version="1.0" encoding="UTF-8"?>
<!-- Generated by org.testng.reporters.JUnitReportReporter -->
<testsuite hostname="DESKTOP-0SQUO0H" failures="0" tests="1" name="test.LoginPageTest" time="17.477" errors="0" timestamp="2024-04-07T00:54:27 CDT" skipped="0">
  <testcase classname="test.LoginPageTest" name="validUserShoulBeAbleToLogin" time="17.477"/>
</testsuite> <!-- test.LoginPageTest -->
